[2024-02-14 13:49:16,428] {manager.py:474} INFO - Processing files using up to 2 processes at a time 
[2024-02-14 13:49:16,434] {manager.py:475} INFO - Process each file at most once every 30 seconds
[2024-02-14 13:49:16,479] {manager.py:477} INFO - Checking for new files in /opt/airflow/dags every 300 seconds
[2024-02-14 13:49:16,482] {manager.py:684} INFO - Searching for files in /opt/airflow/dags
[2024-02-14 13:49:16,504] {manager.py:687} INFO - There are 0 files in /opt/airflow/dags
[2024-02-14 13:54:17,464] {manager.py:684} INFO - Searching for files in /opt/airflow/dags
[2024-02-14 13:54:17,510] {manager.py:687} INFO - There are 0 files in /opt/airflow/dags
[2024-02-14 13:59:18,388] {manager.py:684} INFO - Searching for files in /opt/airflow/dags
[2024-02-14 13:59:18,908] {manager.py:687} INFO - There are 0 files in /opt/airflow/dags
[2024-02-14 14:04:18,683] {manager.py:684} INFO - Searching for files in /opt/airflow/dags
[2024-02-14 14:04:19,044] {manager.py:687} INFO - There are 1 files in /opt/airflow/dags
[2024-02-14 14:04:33,746] {manager.py:803} INFO - 
================================================================================
DAG File Processing Stats

File Path                           PID    Runtime      # DAGs    # Errors  Last Runtime    Last Run
----------------------------------  -----  ---------  --------  ----------  --------------  -------------------
/opt/airflow/dags/test_pipeline.py                           0           1  8.09s           2024-02-14T14:04:27
================================================================================
[2024-02-14 14:05:04,551] {manager.py:803} INFO - 
================================================================================
DAG File Processing Stats

File Path                           PID    Runtime      # DAGs    # Errors  Last Runtime    Last Run
----------------------------------  -----  ---------  --------  ----------  --------------  -------------------
/opt/airflow/dags/test_pipeline.py                           0           0  3.00s           2024-02-14T14:04:53
================================================================================
[2024-02-14 14:05:34,756] {manager.py:803} INFO - 
================================================================================
DAG File Processing Stats

File Path                           PID    Runtime      # DAGs    # Errors  Last Runtime    Last Run
----------------------------------  -----  ---------  --------  ----------  --------------  -------------------
/opt/airflow/dags/test_pipeline.py                           0           0  6.08s           2024-02-14T14:05:29
================================================================================
[2024-02-14 14:06:05,084] {manager.py:803} INFO - 
================================================================================
DAG File Processing Stats

File Path                           PID    Runtime      # DAGs    # Errors  Last Runtime    Last Run
----------------------------------  -----  ---------  --------  ----------  --------------  -------------------
/opt/airflow/dags/test_pipeline.py                           0           0  1.72s           2024-02-14T14:06:01
================================================================================
[2024-02-14 14:06:36,576] {manager.py:803} INFO - 
================================================================================
DAG File Processing Stats

File Path                           PID    Runtime      # DAGs    # Errors  Last Runtime    Last Run
----------------------------------  -----  ---------  --------  ----------  --------------  -------------------
/opt/airflow/dags/test_pipeline.py                           0           0  1.85s           2024-02-14T14:06:34
================================================================================
[2024-02-14 14:07:07,358] {manager.py:803} INFO - 
================================================================================
DAG File Processing Stats

File Path                           PID    Runtime      # DAGs    # Errors  Last Runtime    Last Run
----------------------------------  -----  ---------  --------  ----------  --------------  -------------------
/opt/airflow/dags/test_pipeline.py                           0           0  1.02s           2024-02-14T14:07:05
================================================================================
[2024-02-14 14:07:37,958] {manager.py:803} INFO - 
================================================================================
DAG File Processing Stats

File Path                             PID  Runtime      # DAGs    # Errors  Last Runtime    Last Run
----------------------------------  -----  ---------  --------  ----------  --------------  -------------------
/opt/airflow/dags/test_pipeline.py    200  2.41s             0           0  1.02s           2024-02-14T14:07:05
================================================================================
[2024-02-14 14:08:08,704] {manager.py:803} INFO - 
================================================================================
DAG File Processing Stats

File Path                           PID    Runtime      # DAGs    # Errors  Last Runtime    Last Run
----------------------------------  -----  ---------  --------  ----------  --------------  -------------------
/opt/airflow/dags/test_pipeline.py                           0           0  4.58s           2024-02-14T14:07:40
================================================================================
[2024-02-14 14:08:39,481] {manager.py:803} INFO - 
================================================================================
DAG File Processing Stats

File Path                           PID    Runtime      # DAGs    # Errors  Last Runtime    Last Run
----------------------------------  -----  ---------  --------  ----------  --------------  -------------------
/opt/airflow/dags/test_pipeline.py                           0           0  3.01s           2024-02-14T14:08:13
================================================================================
[2024-02-14 14:09:10,403] {manager.py:803} INFO - 
================================================================================
DAG File Processing Stats

File Path                           PID    Runtime      # DAGs    # Errors  Last Runtime    Last Run
----------------------------------  -----  ---------  --------  ----------  --------------  -------------------
/opt/airflow/dags/test_pipeline.py                           0           0  3.21s           2024-02-14T14:08:47
================================================================================
[2024-02-14 14:09:18,754] {manager.py:684} INFO - Searching for files in /opt/airflow/dags
[2024-02-14 14:09:18,775] {manager.py:687} INFO - There are 1 files in /opt/airflow/dags
[2024-02-14 14:09:41,533] {manager.py:803} INFO - 
================================================================================
DAG File Processing Stats

File Path                           PID    Runtime      # DAGs    # Errors  Last Runtime    Last Run
----------------------------------  -----  ---------  --------  ----------  --------------  -------------------
/opt/airflow/dags/test_pipeline.py                           1           0  6.13s           2024-02-14T14:09:17
================================================================================
[2024-02-14 14:10:11,880] {manager.py:803} INFO - 
================================================================================
DAG File Processing Stats

File Path                           PID    Runtime      # DAGs    # Errors  Last Runtime    Last Run
----------------------------------  -----  ---------  --------  ----------  --------------  -------------------
/opt/airflow/dags/test_pipeline.py                           1           0  4.52s           2024-02-14T14:09:52
================================================================================
[2024-02-14 14:10:42,119] {manager.py:803} INFO - 
================================================================================
DAG File Processing Stats

File Path                           PID    Runtime      # DAGs    # Errors  Last Runtime    Last Run
----------------------------------  -----  ---------  --------  ----------  --------------  -------------------
/opt/airflow/dags/test_pipeline.py                           1           0  5.96s           2024-02-14T14:10:29
================================================================================
[2024-02-14 14:11:12,397] {manager.py:803} INFO - 
================================================================================
DAG File Processing Stats

File Path                           PID    Runtime      # DAGs    # Errors  Last Runtime    Last Run
----------------------------------  -----  ---------  --------  ----------  --------------  -------------------
/opt/airflow/dags/test_pipeline.py                           1           0  2.56s           2024-02-14T14:11:02
================================================================================
[2024-02-14 14:11:42,933] {manager.py:803} INFO - 
================================================================================
DAG File Processing Stats

File Path                           PID    Runtime      # DAGs    # Errors  Last Runtime    Last Run
----------------------------------  -----  ---------  --------  ----------  --------------  -------------------
/opt/airflow/dags/test_pipeline.py                           1           0  2.73s           2024-02-14T14:11:35
================================================================================
[2024-02-14 14:12:13,495] {manager.py:803} INFO - 
================================================================================
DAG File Processing Stats

File Path                             PID  Runtime      # DAGs    # Errors  Last Runtime    Last Run
----------------------------------  -----  ---------  --------  ----------  --------------  -------------------
/opt/airflow/dags/test_pipeline.py    240  7.05s             1           0  2.73s           2024-02-14T14:11:35
================================================================================
[2024-02-14 14:12:43,661] {manager.py:803} INFO - 
================================================================================
DAG File Processing Stats

File Path                           PID    Runtime      # DAGs    # Errors  Last Runtime    Last Run
----------------------------------  -----  ---------  --------  ----------  --------------  -------------------
/opt/airflow/dags/test_pipeline.py                           1           0  7.97s           2024-02-14T14:12:14
================================================================================
[2024-02-14 14:13:14,237] {manager.py:803} INFO - 
================================================================================
DAG File Processing Stats

File Path                           PID    Runtime      # DAGs    # Errors  Last Runtime    Last Run
----------------------------------  -----  ---------  --------  ----------  --------------  -------------------
/opt/airflow/dags/test_pipeline.py                           1           0  5.39s           2024-02-14T14:12:50
================================================================================
[2024-02-14 14:13:45,055] {manager.py:803} INFO - 
================================================================================
DAG File Processing Stats

File Path                           PID    Runtime      # DAGs    # Errors  Last Runtime    Last Run
----------------------------------  -----  ---------  --------  ----------  --------------  -------------------
/opt/airflow/dags/test_pipeline.py                           1           0  3.27s           2024-02-14T14:13:23
================================================================================
[2024-02-14 14:14:15,757] {manager.py:803} INFO - 
================================================================================
DAG File Processing Stats

File Path                           PID    Runtime      # DAGs    # Errors  Last Runtime    Last Run
----------------------------------  -----  ---------  --------  ----------  --------------  -------------------
/opt/airflow/dags/test_pipeline.py                           1           0  1.24s           2024-02-14T14:13:55
================================================================================
[2024-02-14 14:14:18,795] {manager.py:684} INFO - Searching for files in /opt/airflow/dags
[2024-02-14 14:14:18,831] {manager.py:687} INFO - There are 1 files in /opt/airflow/dags
[2024-02-14 14:14:46,310] {manager.py:803} INFO - 
================================================================================
DAG File Processing Stats

File Path                           PID    Runtime      # DAGs    # Errors  Last Runtime    Last Run
----------------------------------  -----  ---------  --------  ----------  --------------  -------------------
/opt/airflow/dags/test_pipeline.py                           1           0  1.41s           2024-02-14T14:14:27
================================================================================
[2024-02-14 14:15:16,575] {manager.py:803} INFO - 
================================================================================
DAG File Processing Stats

File Path                           PID    Runtime      # DAGs    # Errors  Last Runtime    Last Run
----------------------------------  -----  ---------  --------  ----------  --------------  -------------------
/opt/airflow/dags/test_pipeline.py                           1           0  6.62s           2024-02-14T14:15:04
================================================================================
[2024-02-14 14:15:47,039] {manager.py:803} INFO - 
================================================================================
DAG File Processing Stats

File Path                           PID    Runtime      # DAGs    # Errors  Last Runtime    Last Run
----------------------------------  -----  ---------  --------  ----------  --------------  -------------------
/opt/airflow/dags/test_pipeline.py                           1           0  3.55s           2024-02-14T14:15:38
================================================================================
[2024-02-14 14:16:17,668] {manager.py:803} INFO - 
================================================================================
DAG File Processing Stats

File Path                             PID  Runtime      # DAGs    # Errors  Last Runtime    Last Run
----------------------------------  -----  ---------  --------  ----------  --------------  -------------------
/opt/airflow/dags/test_pipeline.py    275  7.85s             1           0  3.55s           2024-02-14T14:15:38
================================================================================
[2024-02-14 14:16:48,250] {manager.py:803} INFO - 
================================================================================
DAG File Processing Stats

File Path                           PID    Runtime      # DAGs    # Errors  Last Runtime    Last Run
----------------------------------  -----  ---------  --------  ----------  --------------  -------------------
/opt/airflow/dags/test_pipeline.py                           1           0  10.73s          2024-02-14T14:16:20
================================================================================
[2024-02-14 14:17:18,923] {manager.py:803} INFO - 
================================================================================
DAG File Processing Stats

File Path                           PID    Runtime      # DAGs    # Errors  Last Runtime    Last Run
----------------------------------  -----  ---------  --------  ----------  --------------  -------------------
/opt/airflow/dags/test_pipeline.py                           1           0  5.45s           2024-02-14T14:16:56
================================================================================
[2024-02-14 14:17:49,450] {manager.py:803} INFO - 
================================================================================
DAG File Processing Stats

File Path                           PID    Runtime      # DAGs    # Errors  Last Runtime    Last Run
----------------------------------  -----  ---------  --------  ----------  --------------  -------------------
/opt/airflow/dags/test_pipeline.py                           1           0  2.48s           2024-02-14T14:17:29
================================================================================
[2024-02-14 14:18:19,736] {manager.py:803} INFO - 
================================================================================
DAG File Processing Stats

File Path                           PID    Runtime      # DAGs    # Errors  Last Runtime    Last Run
----------------------------------  -----  ---------  --------  ----------  --------------  -------------------
/opt/airflow/dags/test_pipeline.py                           1           0  6.40s           2024-02-14T14:18:06
================================================================================
[2024-02-14 14:18:50,726] {manager.py:803} INFO - 
================================================================================
DAG File Processing Stats

File Path                           PID    Runtime      # DAGs    # Errors  Last Runtime    Last Run
----------------------------------  -----  ---------  --------  ----------  --------------  -------------------
/opt/airflow/dags/test_pipeline.py                           1           0  4.10s           2024-02-14T14:18:41
================================================================================
[2024-02-14 14:19:18,957] {manager.py:684} INFO - Searching for files in /opt/airflow/dags
[2024-02-14 14:19:18,984] {manager.py:687} INFO - There are 1 files in /opt/airflow/dags
[2024-02-14 14:19:21,237] {manager.py:803} INFO - 
================================================================================
DAG File Processing Stats

File Path                           PID    Runtime      # DAGs    # Errors  Last Runtime    Last Run
----------------------------------  -----  ---------  --------  ----------  --------------  -------------------
/opt/airflow/dags/test_pipeline.py                           1           0  2.45s           2024-02-14T14:19:14
================================================================================
[2024-02-14 14:19:32,710] {manager.py:455} INFO - Exiting gracefully upon receiving signal 15
[2024-02-16 13:27:47,694] {manager.py:474} INFO - Processing files using up to 2 processes at a time 
[2024-02-16 13:27:47,702] {manager.py:475} INFO - Process each file at most once every 30 seconds
[2024-02-16 13:27:47,706] {manager.py:477} INFO - Checking for new files in /opt/airflow/dags every 300 seconds
[2024-02-16 13:27:47,713] {manager.py:684} INFO - Searching for files in /opt/airflow/dags
[2024-02-16 13:27:47,826] {manager.py:687} INFO - There are 1 files in /opt/airflow/dags
[2024-02-16 13:27:50,601] {manager.py:803} INFO - 
================================================================================
DAG File Processing Stats

File Path                             PID  Runtime      # DAGs    # Errors  Last Runtime    Last Run
----------------------------------  -----  ---------  --------  ----------  --------------  ----------
/opt/airflow/dags/test_pipeline.py    169  0.90s             0           0
================================================================================
[2024-02-16 13:28:20,718] {manager.py:803} INFO - 
================================================================================
DAG File Processing Stats

File Path                           PID    Runtime      # DAGs    # Errors  Last Runtime    Last Run
----------------------------------  -----  ---------  --------  ----------  --------------  -------------------
/opt/airflow/dags/test_pipeline.py                           0           1  1.50s           2024-02-16T13:28:06
================================================================================
[2024-02-16 13:28:50,969] {manager.py:803} INFO - 
================================================================================
DAG File Processing Stats

File Path                             PID  Runtime      # DAGs    # Errors  Last Runtime    Last Run
----------------------------------  -----  ---------  --------  ----------  --------------  -------------------
/opt/airflow/dags/test_pipeline.py    180  22.70s            0           1  1.50s           2024-02-16T13:28:06
================================================================================
[2024-02-16 13:29:21,909] {manager.py:803} INFO - 
================================================================================
DAG File Processing Stats

File Path                           PID    Runtime      # DAGs    # Errors  Last Runtime    Last Run
----------------------------------  -----  ---------  --------  ----------  --------------  -------------------
/opt/airflow/dags/test_pipeline.py                           0           1  26.23s          2024-02-16T13:28:54
================================================================================
[2024-02-16 13:29:52,800] {manager.py:803} INFO - 
================================================================================
DAG File Processing Stats

File Path                           PID    Runtime      # DAGs    # Errors  Last Runtime    Last Run
----------------------------------  -----  ---------  --------  ----------  --------------  -------------------
/opt/airflow/dags/test_pipeline.py                           0           1  6.76s           2024-02-16T13:29:31
================================================================================
[2024-02-16 13:30:23,208] {manager.py:803} INFO - 
================================================================================
DAG File Processing Stats

File Path                             PID  Runtime      # DAGs    # Errors  Last Runtime    Last Run
----------------------------------  -----  ---------  --------  ----------  --------------  -------------------
/opt/airflow/dags/test_pipeline.py    192  20.98s            0           1  6.76s           2024-02-16T13:29:31
================================================================================
[2024-02-16 13:30:53,044] {manager.py:1076} ERROR - Processor for /opt/airflow/dags/test_pipeline.py with PID 192 started at 2024-02-16T13:30:02.152479+00:00 has timed out, killing it.
[2024-02-16 13:30:54,648] {manager.py:803} INFO - 
================================================================================
DAG File Processing Stats

File Path                             PID  Runtime      # DAGs    # Errors  Last Runtime    Last Run
----------------------------------  -----  ---------  --------  ----------  --------------  -------------------
/opt/airflow/dags/test_pipeline.py    198  0.45s             0           1  6.76s           2024-02-16T13:29:31
================================================================================
[2024-02-16 13:31:25,591] {manager.py:803} INFO - 
================================================================================
DAG File Processing Stats

File Path                             PID  Runtime      # DAGs    # Errors  Last Runtime    Last Run
----------------------------------  -----  ---------  --------  ----------  --------------  -------------------
/opt/airflow/dags/test_pipeline.py    198  31.66s            0           1  6.76s           2024-02-16T13:29:31
================================================================================
[2024-02-16 13:31:56,266] {manager.py:803} INFO - 
================================================================================
DAG File Processing Stats

File Path                             PID  Runtime      # DAGs    # Errors  Last Runtime    Last Run
----------------------------------  -----  ---------  --------  ----------  --------------  -------------------
/opt/airflow/dags/test_pipeline.py    204  10.58s            0           1  37.29s          2024-02-16T13:31:31
================================================================================
[2024-02-16 13:32:27,156] {manager.py:803} INFO - 
================================================================================
DAG File Processing Stats

File Path                             PID  Runtime      # DAGs    # Errors  Last Runtime    Last Run
----------------------------------  -----  ---------  --------  ----------  --------------  -------------------
/opt/airflow/dags/test_pipeline.py    210  17.99s            0           1  17.13s          2024-02-16T13:32:02
================================================================================
[2024-02-16 13:32:48,037] {manager.py:684} INFO - Searching for files in /opt/airflow/dags
[2024-02-16 13:32:48,173] {manager.py:687} INFO - There are 1 files in /opt/airflow/dags
[2024-02-16 13:32:57,492] {manager.py:803} INFO - 
================================================================================
DAG File Processing Stats

File Path                           PID    Runtime      # DAGs    # Errors  Last Runtime    Last Run
----------------------------------  -----  ---------  --------  ----------  --------------  -------------------
/opt/airflow/dags/test_pipeline.py                           0           1  34.44s          2024-02-16T13:32:43
================================================================================
[2024-02-16 13:33:28,153] {manager.py:803} INFO - 
================================================================================
DAG File Processing Stats

File Path                           PID    Runtime      # DAGs    # Errors  Last Runtime    Last Run
----------------------------------  -----  ---------  --------  ----------  --------------  -------------------
/opt/airflow/dags/test_pipeline.py                           0           1  20.08s          2024-02-16T13:33:19
================================================================================
[2024-02-16 13:33:59,004] {manager.py:803} INFO - 
================================================================================
DAG File Processing Stats

File Path                             PID  Runtime      # DAGs    # Errors  Last Runtime    Last Run
----------------------------------  -----  ---------  --------  ----------  --------------  -------------------
/opt/airflow/dags/test_pipeline.py    222  8.91s             0           1  20.08s          2024-02-16T13:33:19
================================================================================
[2024-02-16 13:34:29,562] {manager.py:803} INFO - 
================================================================================
DAG File Processing Stats

File Path                           PID    Runtime      # DAGs    # Errors  Last Runtime    Last Run
----------------------------------  -----  ---------  --------  ----------  --------------  -------------------
/opt/airflow/dags/test_pipeline.py                           0           1  20.19s          2024-02-16T13:34:10
================================================================================
[2024-02-16 13:35:00,174] {manager.py:803} INFO - 
================================================================================
DAG File Processing Stats

File Path                           PID    Runtime      # DAGs    # Errors  Last Runtime    Last Run
----------------------------------  -----  ---------  --------  ----------  --------------  -------------------
/opt/airflow/dags/test_pipeline.py                           0           1  10.70s          2024-02-16T13:34:51
================================================================================
[2024-02-16 13:35:30,238] {manager.py:803} INFO - 
================================================================================
DAG File Processing Stats

File Path                             PID  Runtime      # DAGs    # Errors  Last Runtime    Last Run
----------------------------------  -----  ---------  --------  ----------  --------------  -------------------
/opt/airflow/dags/test_pipeline.py    234  13.66s            0           1  10.70s          2024-02-16T13:34:51
================================================================================
[2024-02-16 13:36:00,650] {manager.py:803} INFO - 
================================================================================
DAG File Processing Stats

File Path                           PID    Runtime      # DAGs    # Errors  Last Runtime    Last Run
----------------------------------  -----  ---------  --------  ----------  --------------  -------------------
/opt/airflow/dags/test_pipeline.py                           0           1  16.45s          2024-02-16T13:35:33
================================================================================
[2024-02-16 13:36:30,676] {manager.py:803} INFO - 
================================================================================
DAG File Processing Stats

File Path                           PID    Runtime      # DAGs    # Errors  Last Runtime    Last Run
----------------------------------  -----  ---------  --------  ----------  --------------  -------------------
/opt/airflow/dags/test_pipeline.py                           0           1  13.43s          2024-02-16T13:36:17
================================================================================
[2024-02-16 13:37:00,875] {manager.py:803} INFO - 
================================================================================
DAG File Processing Stats

File Path                           PID    Runtime      # DAGs    # Errors  Last Runtime    Last Run
----------------------------------  -----  ---------  --------  ----------  --------------  -------------------
/opt/airflow/dags/test_pipeline.py                           0           1  6.29s           2024-02-16T13:36:53
================================================================================
[2024-02-16 13:37:31,513] {manager.py:803} INFO - 
================================================================================
DAG File Processing Stats

File Path                             PID  Runtime      # DAGs    # Errors  Last Runtime    Last Run
----------------------------------  -----  ---------  --------  ----------  --------------  -------------------
/opt/airflow/dags/test_pipeline.py    252  6.79s             0           1  6.29s           2024-02-16T13:36:53
================================================================================
[2024-02-16 13:37:48,421] {manager.py:684} INFO - Searching for files in /opt/airflow/dags
[2024-02-16 13:37:48,499] {manager.py:687} INFO - There are 1 files in /opt/airflow/dags
[2024-02-16 13:38:02,212] {manager.py:803} INFO - 
================================================================================
DAG File Processing Stats

File Path                             PID  Runtime      # DAGs    # Errors  Last Runtime    Last Run
----------------------------------  -----  ---------  --------  ----------  --------------  -------------------
/opt/airflow/dags/test_pipeline.py    258  5.30s             0           1  11.57s          2024-02-16T13:37:36
================================================================================
[2024-02-16 13:38:33,163] {manager.py:803} INFO - 
================================================================================
DAG File Processing Stats

File Path                           PID    Runtime      # DAGs    # Errors  Last Runtime    Last Run
----------------------------------  -----  ---------  --------  ----------  --------------  -------------------
/opt/airflow/dags/test_pipeline.py                           0           1  5.46s           2024-02-16T13:38:13
================================================================================
[2024-02-16 13:39:03,926] {manager.py:803} INFO - 
================================================================================
DAG File Processing Stats

File Path                           PID    Runtime      # DAGs    # Errors  Last Runtime    Last Run
----------------------------------  -----  ---------  --------  ----------  --------------  -------------------
/opt/airflow/dags/test_pipeline.py                           0           1  0.98s           2024-02-16T13:38:57
================================================================================
[2024-02-16 13:39:16,297] {manager.py:455} INFO - Exiting gracefully upon receiving signal 15
[2024-02-16 13:48:57,796] {manager.py:474} INFO - Processing files using up to 2 processes at a time 
[2024-02-16 13:48:57,824] {manager.py:475} INFO - Process each file at most once every 30 seconds
[2024-02-16 13:48:57,833] {manager.py:477} INFO - Checking for new files in /opt/airflow/dags every 300 seconds
[2024-02-16 13:48:57,854] {manager.py:684} INFO - Searching for files in /opt/airflow/dags
[2024-02-16 13:48:58,194] {manager.py:687} INFO - There are 2 files in /opt/airflow/dags
[2024-02-16 13:49:00,757] {manager.py:803} INFO - 
================================================================================
DAG File Processing Stats

File Path                             PID  Runtime      # DAGs    # Errors  Last Runtime    Last Run
----------------------------------  -----  ---------  --------  ----------  --------------  ----------
/opt/airflow/dags/etl_postgres.py     169  1.18s             0           0
/opt/airflow/dags/test_pipeline.py    171  0.81s             0           0
================================================================================
[2024-02-16 13:49:31,012] {manager.py:803} INFO - 
================================================================================
DAG File Processing Stats

File Path                             PID  Runtime      # DAGs    # Errors  Last Runtime    Last Run
----------------------------------  -----  ---------  --------  ----------  --------------  -------------------
/opt/airflow/dags/test_pipeline.py    171  31.22s            0           0
/opt/airflow/dags/etl_postgres.py                            1           0  7.17s           2024-02-16T13:49:06
================================================================================
[2024-02-16 13:50:01,078] {manager.py:803} INFO - 
================================================================================
DAG File Processing Stats

File Path                           PID    Runtime      # DAGs    # Errors  Last Runtime    Last Run
----------------------------------  -----  ---------  --------  ----------  --------------  -------------------
/opt/airflow/dags/etl_postgres.py                            1           0  1.82s           2024-02-16T13:49:38
/opt/airflow/dags/test_pipeline.py                           1           0  31.87s          2024-02-16T13:49:31
================================================================================
[2024-02-16 13:50:31,848] {manager.py:803} INFO - 
================================================================================
DAG File Processing Stats

File Path                           PID    Runtime      # DAGs    # Errors  Last Runtime    Last Run
----------------------------------  -----  ---------  --------  ----------  --------------  -------------------
/opt/airflow/dags/etl_postgres.py                            1           0  2.01s           2024-02-16T13:50:10
/opt/airflow/dags/test_pipeline.py                           1           0  14.72s          2024-02-16T13:50:16
================================================================================
[2024-02-16 13:51:08,313] {manager.py:803} INFO - 
================================================================================
DAG File Processing Stats

File Path                             PID  Runtime      # DAGs    # Errors  Last Runtime    Last Run
----------------------------------  -----  ---------  --------  ----------  --------------  -------------------
/opt/airflow/dags/etl_postgres.py     206  4.96s             1           0  13.99s          2024-02-16T13:50:55
/opt/airflow/dags/test_pipeline.py    200  20.39s            1           0  14.72s          2024-02-16T13:50:16
================================================================================
[2024-02-16 13:51:37,488] {manager.py:1076} ERROR - Processor for /opt/airflow/dags/test_pipeline.py with PID 200 started at 2024-02-16T13:50:47.054208+00:00 has timed out, killing it.
[2024-02-16 13:51:49,132] {manager.py:803} INFO - 
================================================================================
DAG File Processing Stats

File Path                             PID  Runtime      # DAGs    # Errors  Last Runtime    Last Run
----------------------------------  -----  ---------  --------  ----------  --------------  -------------------
/opt/airflow/dags/etl_postgres.py     206  46.52s            1           0  13.99s          2024-02-16T13:50:55
/opt/airflow/dags/test_pipeline.py    209  0.79s             1           0  14.72s          2024-02-16T13:50:16
================================================================================
[2024-02-16 13:51:52,758] {manager.py:1076} ERROR - Processor for /opt/airflow/dags/etl_postgres.py with PID 206 started at 2024-02-16T13:51:02.478979+00:00 has timed out, killing it.
[2024-02-16 13:52:20,076] {manager.py:803} INFO - 
================================================================================
DAG File Processing Stats

File Path                             PID  Runtime      # DAGs    # Errors  Last Runtime    Last Run
----------------------------------  -----  ---------  --------  ----------  --------------  -------------------
/opt/airflow/dags/etl_postgres.py                            1           0  2.05s           2024-02-16T13:51:55
/opt/airflow/dags/test_pipeline.py    222  6.58s             1           0  20.43s          2024-02-16T13:52:08
================================================================================
[2024-02-16 13:52:49,997] {manager.py:803} INFO - 
================================================================================
DAG File Processing Stats

File Path                           PID    Runtime      # DAGs    # Errors  Last Runtime    Last Run
----------------------------------  -----  ---------  --------  ----------  --------------  -------------------
/opt/airflow/dags/etl_postgres.py                            1           0  17.52s          2024-02-16T13:52:42
/opt/airflow/dags/test_pipeline.py                           1           0  29.10s          2024-02-16T13:52:42
================================================================================
[2024-02-16 13:53:21,079] {manager.py:803} INFO - 
================================================================================
DAG File Processing Stats

File Path                           PID    Runtime      # DAGs    # Errors  Last Runtime    Last Run
----------------------------------  -----  ---------  --------  ----------  --------------  -------------------
/opt/airflow/dags/etl_postgres.py                            1           0  1.63s           2024-02-16T13:53:15
/opt/airflow/dags/test_pipeline.py                           1           0  6.75s           2024-02-16T13:53:19
================================================================================
[2024-02-16 13:53:23,913] {manager.py:455} INFO - Exiting gracefully upon receiving signal 15
[2024-02-16 13:59:37,330] {manager.py:474} INFO - Processing files using up to 2 processes at a time 
[2024-02-16 13:59:37,332] {manager.py:475} INFO - Process each file at most once every 30 seconds
[2024-02-16 13:59:37,339] {manager.py:477} INFO - Checking for new files in /opt/airflow/dags every 300 seconds
[2024-02-16 13:59:37,342] {manager.py:684} INFO - Searching for files in /opt/airflow/dags
[2024-02-16 13:59:37,443] {manager.py:687} INFO - There are 2 files in /opt/airflow/dags
[2024-02-16 13:59:37,678] {manager.py:803} INFO - 
================================================================================
DAG File Processing Stats

File Path                             PID  Runtime      # DAGs    # Errors  Last Runtime    Last Run
----------------------------------  -----  ---------  --------  ----------  --------------  ----------
/opt/airflow/dags/etl_postgres.py     170  0.04s             0           0
/opt/airflow/dags/test_pipeline.py    168  0.06s             0           0
================================================================================
[2024-02-16 14:00:07,990] {manager.py:803} INFO - 
================================================================================
DAG File Processing Stats

File Path                           PID    Runtime      # DAGs    # Errors  Last Runtime    Last Run
----------------------------------  -----  ---------  --------  ----------  --------------  -------------------
/opt/airflow/dags/etl_postgres.py                            1           0  1.68s           2024-02-16T13:59:39
/opt/airflow/dags/test_pipeline.py                           1           0  6.93s           2024-02-16T13:59:44
================================================================================
[2024-02-16 14:00:38,398] {manager.py:803} INFO - 
================================================================================
DAG File Processing Stats

File Path                           PID    Runtime      # DAGs    # Errors  Last Runtime    Last Run
----------------------------------  -----  ---------  --------  ----------  --------------  -------------------
/opt/airflow/dags/etl_postgres.py                            1           0  0.58s           2024-02-16T14:00:10
/opt/airflow/dags/test_pipeline.py                           1           0  1.49s           2024-02-16T14:00:16
================================================================================
[2024-02-16 14:01:08,429] {manager.py:803} INFO - 
================================================================================
DAG File Processing Stats

File Path                           PID    Runtime      # DAGs    # Errors  Last Runtime    Last Run
----------------------------------  -----  ---------  --------  ----------  --------------  -------------------
/opt/airflow/dags/etl_postgres.py                            1           0  0.75s           2024-02-16T14:00:42
/opt/airflow/dags/test_pipeline.py                           1           0  1.90s           2024-02-16T14:00:48
================================================================================
[2024-02-16 14:01:38,839] {manager.py:803} INFO - 
================================================================================
DAG File Processing Stats

File Path                           PID    Runtime      # DAGs    # Errors  Last Runtime    Last Run
----------------------------------  -----  ---------  --------  ----------  --------------  -------------------
/opt/airflow/dags/etl_postgres.py                            1           0  0.21s           2024-02-16T14:01:12
/opt/airflow/dags/test_pipeline.py                           1           0  0.60s           2024-02-16T14:01:19
================================================================================
