[2024-02-16 13:49:00,402] {processor.py:153} INFO - Started process (PID=169) to work on /opt/airflow/dags/etl_postgres.py
[2024-02-16 13:49:00,466] {processor.py:641} INFO - Processing file /opt/airflow/dags/etl_postgres.py for tasks to queue
[2024-02-16 13:49:00,516] {logging_mixin.py:115} INFO - [2024-02-16 13:49:00,514] {dagbag.py:507} INFO - Filling up the DagBag from /opt/airflow/dags/etl_postgres.py
[2024-02-16 13:49:02,457] {processor.py:651} INFO - DAG(s) dict_keys(['postgres_operator_dag']) retrieved from /opt/airflow/dags/etl_postgres.py
[2024-02-16 13:49:05,725] {logging_mixin.py:115} INFO - [2024-02-16 13:49:05,722] {manager.py:508} INFO - Created Permission View: can edit on DAG:postgres_operator_dag
[2024-02-16 13:49:05,833] {logging_mixin.py:115} INFO - [2024-02-16 13:49:05,833] {manager.py:508} INFO - Created Permission View: can delete on DAG:postgres_operator_dag
[2024-02-16 13:49:05,889] {logging_mixin.py:115} INFO - [2024-02-16 13:49:05,888] {manager.py:508} INFO - Created Permission View: can read on DAG:postgres_operator_dag
[2024-02-16 13:49:05,891] {logging_mixin.py:115} INFO - [2024-02-16 13:49:05,891] {dag.py:2371} INFO - Sync 1 DAGs
[2024-02-16 13:49:06,030] {logging_mixin.py:115} INFO - [2024-02-16 13:49:06,030] {dag.py:2390} INFO - Creating ORM DAG for postgres_operator_dag
[2024-02-16 13:49:06,165] {logging_mixin.py:115} INFO - [2024-02-16 13:49:06,162] {dag.py:2919} INFO - Setting next_dagrun for postgres_operator_dag to 2020-02-02T00:00:00+00:00, run_after=2020-02-02T00:00:00+00:00
[2024-02-16 13:49:06,269] {processor.py:161} INFO - Processing /opt/airflow/dags/etl_postgres.py took 6.292 seconds
[2024-02-16 13:49:37,095] {processor.py:153} INFO - Started process (PID=181) to work on /opt/airflow/dags/etl_postgres.py
[2024-02-16 13:49:37,109] {processor.py:641} INFO - Processing file /opt/airflow/dags/etl_postgres.py for tasks to queue
[2024-02-16 13:49:37,117] {logging_mixin.py:115} INFO - [2024-02-16 13:49:37,116] {dagbag.py:507} INFO - Filling up the DagBag from /opt/airflow/dags/etl_postgres.py
[2024-02-16 13:49:37,475] {processor.py:651} INFO - DAG(s) dict_keys(['postgres_operator_dag']) retrieved from /opt/airflow/dags/etl_postgres.py
[2024-02-16 13:49:37,932] {logging_mixin.py:115} INFO - [2024-02-16 13:49:37,932] {dag.py:2371} INFO - Sync 1 DAGs
[2024-02-16 13:49:38,250] {logging_mixin.py:115} INFO - [2024-02-16 13:49:38,249] {dag.py:2919} INFO - Setting next_dagrun for postgres_operator_dag to 2020-02-02T00:00:00+00:00, run_after=2020-02-02T00:00:00+00:00
[2024-02-16 13:49:38,402] {processor.py:161} INFO - Processing /opt/airflow/dags/etl_postgres.py took 1.372 seconds
[2024-02-16 13:50:09,356] {processor.py:153} INFO - Started process (PID=190) to work on /opt/airflow/dags/etl_postgres.py
[2024-02-16 13:50:09,360] {processor.py:641} INFO - Processing file /opt/airflow/dags/etl_postgres.py for tasks to queue
[2024-02-16 13:50:09,363] {logging_mixin.py:115} INFO - [2024-02-16 13:50:09,363] {dagbag.py:507} INFO - Filling up the DagBag from /opt/airflow/dags/etl_postgres.py
[2024-02-16 13:50:09,596] {processor.py:651} INFO - DAG(s) dict_keys(['postgres_operator_dag']) retrieved from /opt/airflow/dags/etl_postgres.py
[2024-02-16 13:50:10,217] {logging_mixin.py:115} INFO - [2024-02-16 13:50:10,216] {dag.py:2371} INFO - Sync 1 DAGs
[2024-02-16 13:50:10,488] {logging_mixin.py:115} INFO - [2024-02-16 13:50:10,487] {dag.py:2919} INFO - Setting next_dagrun for postgres_operator_dag to 2020-02-02T00:00:00+00:00, run_after=2020-02-02T00:00:00+00:00
[2024-02-16 13:50:10,585] {processor.py:161} INFO - Processing /opt/airflow/dags/etl_postgres.py took 1.247 seconds
[2024-02-16 13:50:46,671] {processor.py:153} INFO - Started process (PID=197) to work on /opt/airflow/dags/etl_postgres.py
[2024-02-16 13:50:46,786] {processor.py:641} INFO - Processing file /opt/airflow/dags/etl_postgres.py for tasks to queue
[2024-02-16 13:50:46,964] {logging_mixin.py:115} INFO - [2024-02-16 13:50:46,957] {dagbag.py:507} INFO - Filling up the DagBag from /opt/airflow/dags/etl_postgres.py
[2024-02-16 13:50:49,409] {processor.py:651} INFO - DAG(s) dict_keys(['postgres_operator_dag']) retrieved from /opt/airflow/dags/etl_postgres.py
[2024-02-16 13:50:52,734] {logging_mixin.py:115} INFO - [2024-02-16 13:50:52,721] {dag.py:2371} INFO - Sync 1 DAGs
[2024-02-16 13:50:54,161] {logging_mixin.py:115} INFO - [2024-02-16 13:50:54,133] {dag.py:2919} INFO - Setting next_dagrun for postgres_operator_dag to 2020-02-02T00:00:00+00:00, run_after=2020-02-02T00:00:00+00:00
[2024-02-16 13:50:54,648] {processor.py:161} INFO - Processing /opt/airflow/dags/etl_postgres.py took 8.943 seconds
[2024-02-16 13:51:15,690] {processor.py:153} INFO - Started process (PID=206) to work on /opt/airflow/dags/etl_postgres.py
[2024-02-16 13:51:15,965] {processor.py:641} INFO - Processing file /opt/airflow/dags/etl_postgres.py for tasks to queue
[2024-02-16 13:51:16,165] {logging_mixin.py:115} INFO - [2024-02-16 13:51:16,080] {dagbag.py:507} INFO - Filling up the DagBag from /opt/airflow/dags/etl_postgres.py
[2024-02-16 13:51:31,727] {processor.py:651} INFO - DAG(s) dict_keys(['postgres_operator_dag']) retrieved from /opt/airflow/dags/etl_postgres.py
[2024-02-16 13:51:51,306] {logging_mixin.py:115} INFO - [2024-02-16 13:51:51,255] {dag.py:2371} INFO - Sync 1 DAGs
[2024-02-16 13:51:52,068] {logging_mixin.py:115} INFO - [2024-02-16 13:51:52,057] {dag.py:2919} INFO - Setting next_dagrun for postgres_operator_dag to 2020-02-02T00:00:00+00:00, run_after=2020-02-02T00:00:00+00:00
[2024-02-16 13:51:52,500] {processor.py:161} INFO - Processing /opt/airflow/dags/etl_postgres.py took 39.821 seconds
[2024-02-16 13:51:53,471] {processor.py:153} INFO - Started process (PID=214) to work on /opt/airflow/dags/etl_postgres.py
[2024-02-16 13:51:53,475] {processor.py:641} INFO - Processing file /opt/airflow/dags/etl_postgres.py for tasks to queue
[2024-02-16 13:51:53,487] {logging_mixin.py:115} INFO - [2024-02-16 13:51:53,486] {dagbag.py:507} INFO - Filling up the DagBag from /opt/airflow/dags/etl_postgres.py
[2024-02-16 13:51:54,113] {processor.py:651} INFO - DAG(s) dict_keys(['postgres_operator_dag']) retrieved from /opt/airflow/dags/etl_postgres.py
[2024-02-16 13:51:54,452] {logging_mixin.py:115} INFO - [2024-02-16 13:51:54,452] {dag.py:2371} INFO - Sync 1 DAGs
[2024-02-16 13:51:54,685] {logging_mixin.py:115} INFO - [2024-02-16 13:51:54,685] {dag.py:2919} INFO - Setting next_dagrun for postgres_operator_dag to 2020-02-02T00:00:00+00:00, run_after=2020-02-02T00:00:00+00:00
[2024-02-16 13:51:54,806] {processor.py:161} INFO - Processing /opt/airflow/dags/etl_postgres.py took 1.399 seconds
[2024-02-16 13:52:31,319] {processor.py:153} INFO - Started process (PID=226) to work on /opt/airflow/dags/etl_postgres.py
[2024-02-16 13:52:31,369] {processor.py:641} INFO - Processing file /opt/airflow/dags/etl_postgres.py for tasks to queue
[2024-02-16 13:52:35,596] {logging_mixin.py:115} INFO - [2024-02-16 13:52:35,474] {dagbag.py:507} INFO - Filling up the DagBag from /opt/airflow/dags/etl_postgres.py
[2024-02-16 13:52:40,987] {processor.py:651} INFO - DAG(s) dict_keys(['postgres_operator_dag']) retrieved from /opt/airflow/dags/etl_postgres.py
[2024-02-16 13:52:42,407] {logging_mixin.py:115} INFO - [2024-02-16 13:52:42,406] {dag.py:2371} INFO - Sync 1 DAGs
[2024-02-16 13:52:42,782] {logging_mixin.py:115} INFO - [2024-02-16 13:52:42,780] {dag.py:2919} INFO - Setting next_dagrun for postgres_operator_dag to 2020-02-02T00:00:00+00:00, run_after=2020-02-02T00:00:00+00:00
[2024-02-16 13:52:42,933] {processor.py:161} INFO - Processing /opt/airflow/dags/etl_postgres.py took 16.524 seconds
[2024-02-16 13:53:13,846] {processor.py:153} INFO - Started process (PID=236) to work on /opt/airflow/dags/etl_postgres.py
[2024-02-16 13:53:13,853] {processor.py:641} INFO - Processing file /opt/airflow/dags/etl_postgres.py for tasks to queue
[2024-02-16 13:53:13,858] {logging_mixin.py:115} INFO - [2024-02-16 13:53:13,857] {dagbag.py:507} INFO - Filling up the DagBag from /opt/airflow/dags/etl_postgres.py
[2024-02-16 13:53:14,163] {processor.py:651} INFO - DAG(s) dict_keys(['postgres_operator_dag']) retrieved from /opt/airflow/dags/etl_postgres.py
[2024-02-16 13:53:14,573] {logging_mixin.py:115} INFO - [2024-02-16 13:53:14,573] {dag.py:2371} INFO - Sync 1 DAGs
[2024-02-16 13:53:14,790] {logging_mixin.py:115} INFO - [2024-02-16 13:53:14,788] {dag.py:2919} INFO - Setting next_dagrun for postgres_operator_dag to 2020-02-02T00:00:00+00:00, run_after=2020-02-02T00:00:00+00:00
[2024-02-16 13:53:14,929] {processor.py:161} INFO - Processing /opt/airflow/dags/etl_postgres.py took 1.222 seconds
[2024-02-16 13:59:37,705] {processor.py:153} INFO - Started process (PID=170) to work on /opt/airflow/dags/etl_postgres.py
[2024-02-16 13:59:37,713] {processor.py:641} INFO - Processing file /opt/airflow/dags/etl_postgres.py for tasks to queue
[2024-02-16 13:59:37,718] {logging_mixin.py:115} INFO - [2024-02-16 13:59:37,717] {dagbag.py:507} INFO - Filling up the DagBag from /opt/airflow/dags/etl_postgres.py
[2024-02-16 13:59:37,869] {processor.py:651} INFO - DAG(s) dict_keys(['postgres_operator_dag']) retrieved from /opt/airflow/dags/etl_postgres.py
[2024-02-16 13:59:38,461] {logging_mixin.py:115} INFO - [2024-02-16 13:59:38,459] {manager.py:508} INFO - Created Permission View: can read on DAG:postgres_operator_dag
[2024-02-16 13:59:38,589] {logging_mixin.py:115} INFO - [2024-02-16 13:59:38,588] {manager.py:508} INFO - Created Permission View: can delete on DAG:postgres_operator_dag
[2024-02-16 13:59:38,751] {logging_mixin.py:115} INFO - [2024-02-16 13:59:38,751] {manager.py:508} INFO - Created Permission View: can edit on DAG:postgres_operator_dag
[2024-02-16 13:59:38,766] {logging_mixin.py:115} INFO - [2024-02-16 13:59:38,765] {dag.py:2371} INFO - Sync 1 DAGs
[2024-02-16 13:59:38,858] {logging_mixin.py:115} INFO - [2024-02-16 13:59:38,858] {dag.py:2390} INFO - Creating ORM DAG for postgres_operator_dag
[2024-02-16 13:59:38,988] {logging_mixin.py:115} INFO - [2024-02-16 13:59:38,988] {dag.py:2919} INFO - Setting next_dagrun for postgres_operator_dag to 2020-02-02T00:00:00+00:00, run_after=2020-02-02T00:00:00+00:00
[2024-02-16 13:59:39,091] {processor.py:161} INFO - Processing /opt/airflow/dags/etl_postgres.py took 1.403 seconds
[2024-02-16 14:00:10,167] {processor.py:153} INFO - Started process (PID=180) to work on /opt/airflow/dags/etl_postgres.py
[2024-02-16 14:00:10,169] {processor.py:641} INFO - Processing file /opt/airflow/dags/etl_postgres.py for tasks to queue
[2024-02-16 14:00:10,172] {logging_mixin.py:115} INFO - [2024-02-16 14:00:10,172] {dagbag.py:507} INFO - Filling up the DagBag from /opt/airflow/dags/etl_postgres.py
[2024-02-16 14:00:10,277] {processor.py:651} INFO - DAG(s) dict_keys(['postgres_operator_dag']) retrieved from /opt/airflow/dags/etl_postgres.py
[2024-02-16 14:00:10,422] {logging_mixin.py:115} INFO - [2024-02-16 14:00:10,422] {dag.py:2371} INFO - Sync 1 DAGs
[2024-02-16 14:00:10,523] {logging_mixin.py:115} INFO - [2024-02-16 14:00:10,523] {dag.py:2919} INFO - Setting next_dagrun for postgres_operator_dag to 2020-02-02T00:00:00+00:00, run_after=2020-02-02T00:00:00+00:00
[2024-02-16 14:00:10,586] {processor.py:161} INFO - Processing /opt/airflow/dags/etl_postgres.py took 0.435 seconds
[2024-02-16 14:00:41,724] {processor.py:153} INFO - Started process (PID=191) to work on /opt/airflow/dags/etl_postgres.py
[2024-02-16 14:00:41,726] {processor.py:641} INFO - Processing file /opt/airflow/dags/etl_postgres.py for tasks to queue
[2024-02-16 14:00:41,728] {logging_mixin.py:115} INFO - [2024-02-16 14:00:41,728] {dagbag.py:507} INFO - Filling up the DagBag from /opt/airflow/dags/etl_postgres.py
[2024-02-16 14:00:41,822] {processor.py:651} INFO - DAG(s) dict_keys(['postgres_operator_dag']) retrieved from /opt/airflow/dags/etl_postgres.py
[2024-02-16 14:00:41,994] {logging_mixin.py:115} INFO - [2024-02-16 14:00:41,993] {dag.py:2371} INFO - Sync 1 DAGs
[2024-02-16 14:00:42,107] {logging_mixin.py:115} INFO - [2024-02-16 14:00:42,107] {dag.py:2919} INFO - Setting next_dagrun for postgres_operator_dag to 2020-02-02T00:00:00+00:00, run_after=2020-02-02T00:00:00+00:00
[2024-02-16 14:00:42,176] {processor.py:161} INFO - Processing /opt/airflow/dags/etl_postgres.py took 0.467 seconds
[2024-02-16 14:01:12,510] {processor.py:153} INFO - Started process (PID=202) to work on /opt/airflow/dags/etl_postgres.py
[2024-02-16 14:01:12,512] {processor.py:641} INFO - Processing file /opt/airflow/dags/etl_postgres.py for tasks to queue
[2024-02-16 14:01:12,513] {logging_mixin.py:115} INFO - [2024-02-16 14:01:12,513] {dagbag.py:507} INFO - Filling up the DagBag from /opt/airflow/dags/etl_postgres.py
[2024-02-16 14:01:12,561] {processor.py:651} INFO - DAG(s) dict_keys(['postgres_operator_dag']) retrieved from /opt/airflow/dags/etl_postgres.py
[2024-02-16 14:01:12,619] {logging_mixin.py:115} INFO - [2024-02-16 14:01:12,619] {dag.py:2371} INFO - Sync 1 DAGs
[2024-02-16 14:01:12,649] {logging_mixin.py:115} INFO - [2024-02-16 14:01:12,648] {dag.py:2919} INFO - Setting next_dagrun for postgres_operator_dag to 2020-02-02T00:00:00+00:00, run_after=2020-02-02T00:00:00+00:00
[2024-02-16 14:01:12,661] {processor.py:161} INFO - Processing /opt/airflow/dags/etl_postgres.py took 0.157 seconds
[2024-02-16 14:01:42,919] {processor.py:153} INFO - Started process (PID=213) to work on /opt/airflow/dags/etl_postgres.py
[2024-02-16 14:01:42,920] {processor.py:641} INFO - Processing file /opt/airflow/dags/etl_postgres.py for tasks to queue
[2024-02-16 14:01:42,922] {logging_mixin.py:115} INFO - [2024-02-16 14:01:42,922] {dagbag.py:507} INFO - Filling up the DagBag from /opt/airflow/dags/etl_postgres.py
[2024-02-16 14:01:42,964] {processor.py:651} INFO - DAG(s) dict_keys(['postgres_operator_dag']) retrieved from /opt/airflow/dags/etl_postgres.py
[2024-02-16 14:01:43,021] {logging_mixin.py:115} INFO - [2024-02-16 14:01:43,021] {dag.py:2371} INFO - Sync 1 DAGs
[2024-02-16 14:01:43,051] {logging_mixin.py:115} INFO - [2024-02-16 14:01:43,051] {dag.py:2919} INFO - Setting next_dagrun for postgres_operator_dag to 2020-02-02T00:00:00+00:00, run_after=2020-02-02T00:00:00+00:00
[2024-02-16 14:01:43,065] {processor.py:161} INFO - Processing /opt/airflow/dags/etl_postgres.py took 0.153 seconds
